\BOOKMARK [1][-]{section*.1}{\376\377\145\131\200\262\176\317\123\206}{}% 1
\BOOKMARK [2][-]{subsection*.2}{\376\377\133\146\123\206}{section*.1}% 2
\BOOKMARK [2][-]{subsection*.3}{\376\377\116\023\116\032\213\255\176\303}{section*.1}% 3
\BOOKMARK [1][-]{section*.4}{\376\377\135\345\117\134\200\114\122\241}{}% 4
\BOOKMARK [1][-]{section*.5}{\376\377\170\024\172\166\121\164\215\243}{}% 5
\BOOKMARK [1][-]{section*.6}{\376\377\123\321\210\150}{}% 6
\BOOKMARK [2][-]{subsection*.7}{\376\377\133\146\147\057\147\037\122\012}{section*.6}% 7
\BOOKMARK [2][-]{subsection*.8}{\376\377\217\157\116\366}{section*.6}% 8
\BOOKMARK [2][-]{subsection*.9}{\376\377\147\037\122\012\127\050\133\241}{section*.6}% 9
\BOOKMARK [2][-]{subsection*.10}{\376\377\135\345\117\134\213\272\145\207}{section*.6}% 10
\BOOKMARK [1][-]{section*.11}{\376\377\117\032\213\256\123\321\210\150}{}% 11
\BOOKMARK [1][-]{section*.12}{\376\377\170\024\172\166\176\317\232\214}{}% 12
\BOOKMARK [2][-]{subsection*.13}{\376\377\145\160\143\156\145\066\226\306}{section*.12}% 13
\BOOKMARK [2][-]{subsection*.14}{\376\377\122\251\164\006\170\024\172\166\124\130\176\317\123\206}{section*.12}% 14
\BOOKMARK [1][-]{section*.15}{\376\377\145\131\133\146\176\317\123\206}{}% 15
\BOOKMARK [2][-]{subsection*.16}{\376\377\145\131\136\010\377\014\162\061\203\167\123\116\131\047\133\146}{section*.15}% 16
\BOOKMARK [2][-]{subsection*.17}{\376\377\133\242\136\247\213\262\136\010\000,\000\040\123\127\123\141\177\127\147\145\176\263\131\047\133\146}{section*.15}% 17
\BOOKMARK [2][-]{subsection*.18}{\376\377\145\131\133\146\122\251\164\006\000,\000\040\162\061\203\167\123\116\131\047\133\146}{section*.15}% 18
\BOOKMARK [2][-]{subsection*.19}{\376\377\145\131\133\146\122\251\164\006\000,\000\040\123\127\123\141\177\127\147\145\176\263\131\047\133\146}{section*.15}% 19
\BOOKMARK [2][-]{subsection*.20}{\376\377\145\131\133\146\122\251\164\006\000,\000\040\221\314\215\076\176\263\131\047\133\146}{section*.15}% 20
\BOOKMARK [1][-]{section*.21}{\376\377\203\143\212\211\131\126\122\261}{}% 21
\BOOKMARK [2][-]{subsection*.22}{\376\377\170\024\172\166\131\126\122\261}{section*.21}% 22
\BOOKMARK [2][-]{subsection*.23}{\376\377\133\146\147\057\145\305\210\114\215\104\221\321}{section*.21}% 23
\BOOKMARK [2][-]{subsection*.24}{\376\377\170\024\172\166\165\037\122\251\133\146\221\321}{section*.21}% 24
\BOOKMARK [1][-]{section*.25}{\376\377\176\304\176\307\176\317\123\206}{}% 25
\BOOKMARK [1][-]{section*.26}{\376\377\142\200\200\375}{}% 26
\BOOKMARK [1][-]{section*.27}{\376\377\143\250\203\120\116\272}{}% 27
