\BOOKMARK [1][-]{section*.1}{\376\377\145\131\200\262\200\314\146\157}{}% 1
\BOOKMARK [2][-]{subsection*.2}{\376\377\133\146\123\206}{section*.1}% 2
\BOOKMARK [1][-]{section*.3}{\376\377\145\077\154\273\227\142\166\356\000:\000\040\116\055\121\161\121\132\124\130}{}% 3
\BOOKMARK [1][-]{section*.4}{\376\377\170\024\172\166\121\164\215\243}{}% 4
\BOOKMARK [1][-]{section*.5}{\376\377\123\321\210\150}{}% 5
\BOOKMARK [2][-]{subsection*.6}{\376\377\133\146\147\057\147\037\122\012}{section*.5}% 6
\BOOKMARK [2][-]{subsection*.7}{\376\377\170\024\123\321\217\157\116\366}{section*.5}% 7
\BOOKMARK [2][-]{subsection*.8}{\376\377\147\037\122\012\127\050\133\241}{section*.5}% 8
\BOOKMARK [2][-]{subsection*.9}{\376\377\135\345\117\134\213\272\145\207}{section*.5}% 9
\BOOKMARK [1][-]{section*.10}{\376\377\135\345\117\134\200\114\122\241}{}% 10
\BOOKMARK [1][-]{section*.11}{\376\377\203\143\212\211\131\126\122\261}{}% 11
\BOOKMARK [1][-]{section*.12}{\376\377\116\023\116\032\213\255\176\303}{}% 12
\BOOKMARK [1][-]{section*.13}{\376\377\162\171\220\200\213\262\136\247}{}% 13
\BOOKMARK [1][-]{section*.14}{\376\377\117\032\213\256\155\073\122\250}{}% 14
\BOOKMARK [1][-]{section*.15}{\376\377\171\321\170\024\230\171\166\356}{}% 15
\BOOKMARK [1][-]{section*.16}{\376\377\170\024\172\166\176\317\232\214}{}% 16
\BOOKMARK [2][-]{subsection*.17}{\376\377\145\160\143\156\145\066\226\306}{section*.16}% 17
\BOOKMARK [2][-]{subsection*.18}{\376\377\122\251\164\006\170\024\172\166\124\130\176\317\123\206}{section*.16}% 18
\BOOKMARK [1][-]{section*.19}{\376\377\145\131\133\146\176\317\123\206}{}% 19
\BOOKMARK [1][-]{section*.20}{\376\377\142\200\200\375}{}% 20
