This is pdfTeX, Version 3.14159265-2.6-1.40.18 (MiKTeX 2.9.6350 64-bit) (preloaded format=pdflatex 2017.7.3)  4 JUL 2017 12:33
entering extended mode
**./svm-latex-cv.tex
(svm-latex-cv.tex
LaTeX2e <2017-04-15>
Babel <3.12> and hyphenation patterns for 75 language(s) loaded.

! LaTeX Error: File `$documentclass$.cls' not found.

Type X to quit or <RETURN> to proceed,
or enter new name. (Default extension: cls)

Enter file name: 
! Emergency stop.
<read *> 
         
l.2 
     
*** (cannot \read from terminal in nonstop modes)

 
Here is how much of TeX's memory you used:
 11 strings out of 493318
 201 string characters out of 3138994
 53722 words of memory out of 3000000
 3653 multiletter control sequences out of 15000+200000
 3640 words of font info for 14 fonts, out of 3000000 for 9000
 1141 hyphenation exceptions out of 8191
 10i,0n,7p,201b,8s stack positions out of 5000i,500n,10000p,200000b,50000s
!  ==> Fatal error occurred, no output PDF file produced!
