\BOOKMARK [1][-]{section*.1}{\376\377\000E\000d\000u\000c\000a\000t\000i\000o\000n}{}% 1
\BOOKMARK [2][-]{subsection*.2}{\376\377\000D\000e\000g\000r\000e\000e}{section*.1}% 2
\BOOKMARK [2][-]{subsection*.3}{\376\377\000A\000d\000d\000i\000t\000i\000o\000n\000a\000l\000\040\000T\000r\000a\000i\000n\000i\000n\000g}{section*.1}% 3
\BOOKMARK [1][-]{section*.4}{\376\377\000P\000r\000o\000f\000e\000s\000s\000i\000o\000n\000a\000l\000\040\000P\000o\000s\000i\000t\000i\000o\000n\000s}{}% 4
\BOOKMARK [1][-]{section*.5}{\376\377\000R\000e\000s\000e\000a\000r\000c\000h\000\040\000I\000n\000t\000e\000r\000e\000s\000t\000s}{}% 5
\BOOKMARK [2][-]{subsection*.6}{\376\377\000C\000o\000m\000p\000a\000r\000a\000t\000i\000v\000e\000\040\000P\000o\000l\000i\000t\000i\000c\000s\000:}{section*.5}% 6
\BOOKMARK [2][-]{subsection*.7}{\376\377\000P\000o\000l\000i\000t\000i\000c\000a\000l\000\040\000M\000e\000t\000h\000o\000d\000o\000l\000o\000g\000y\000:}{section*.5}% 7
\BOOKMARK [2][-]{subsection*.8}{\376\377\000I\000n\000t\000e\000r\000n\000a\000t\000i\000o\000n\000a\000l\000\040\000R\000e\000l\000a\000t\000i\000o\000n\000s\000:}{section*.5}% 8
\BOOKMARK [1][-]{section*.9}{\376\377\000P\000u\000b\000l\000i\000c\000a\000t\000i\000o\000n}{}% 9
\BOOKMARK [2][-]{subsection*.10}{\376\377\000J\000o\000u\000r\000n\000a\000l\000\040\000A\000r\000t\000i\000c\000l\000e\000s}{section*.9}% 10
\BOOKMARK [2][-]{subsection*.11}{\376\377\000S\000o\000f\000t\000w\000a\000r\000e}{section*.9}% 11
\BOOKMARK [2][-]{subsection*.12}{\376\377\000U\000n\000d\000e\000r\000\040\000R\000e\000v\000i\000e\000w}{section*.9}% 12
\BOOKMARK [2][-]{subsection*.13}{\376\377\000W\000o\000r\000k\000i\000n\000g\000\040\000P\000r\000o\000j\000o\000e\000c\000t\000s}{section*.9}% 13
\BOOKMARK [2][-]{subsection*.14}{\376\377\000M\000a\000g\000a\000z\000i\000n\000e\000\040\000a\000n\000d\000\040\000O\000t\000h\000e\000r\000s}{section*.9}% 14
\BOOKMARK [1][-]{section*.15}{\376\377\000C\000o\000n\000f\000e\000r\000e\000n\000c\000e}{}% 15
\BOOKMARK [2][-]{subsection*.16}{\376\377\0002\0000\0001\0007}{section*.15}% 16
\BOOKMARK [2][-]{subsection*.17}{\376\377\0002\0000\0001\0006}{section*.15}% 17
\BOOKMARK [2][-]{subsection*.18}{\376\377\0002\0000\0001\0005}{section*.15}% 18
\BOOKMARK [2][-]{subsection*.19}{\376\377\0002\0000\0001\0003}{section*.15}% 19
\BOOKMARK [2][-]{subsection*.20}{\376\377\0002\0000\0001\0002}{section*.15}% 20
\BOOKMARK [1][-]{section*.21}{\376\377\000R\000e\000s\000e\000a\000r\000c\000h\000\040\000E\000x\000p\000e\000r\000i\000m\000e\000n\000t}{}% 21
\BOOKMARK [2][-]{subsection*.22}{\376\377\000D\000a\000t\000a\000\040\000C\000o\000l\000l\000e\000c\000t\000i\000o\000n}{section*.21}% 22
\BOOKMARK [2][-]{subsection*.23}{\376\377\000R\000e\000s\000e\000a\000r\000c\000h\000\040\000A\000s\000s\000i\000s\000t\000a\000n\000t}{section*.21}% 23
\BOOKMARK [1][-]{section*.24}{\376\377\000T\000e\000a\000c\000h\000i\000n\000g\000\040\000I\000n\000t\000e\000r\000e\000s\000t}{}% 24
\BOOKMARK [2][-]{subsection*.25}{\376\377\000C\000o\000m\000p\000a\000r\000a\000t\000i\000v\000e\000\040\000P\000o\000l\000i\000t\000i\000c\000s\000:}{section*.24}% 25
\BOOKMARK [2][-]{subsection*.26}{\376\377\000P\000o\000l\000i\000t\000i\000c\000a\000l\000\040\000M\000e\000t\000h\000o\000d\000o\000l\000o\000g\000y\000:}{section*.24}% 26
\BOOKMARK [1][-]{section*.27}{\376\377\000T\000e\000a\000c\000h\000i\000n\000g\000\040\000E\000x\000p\000e\000r\000i\000m\000e\000n\000t}{}% 27
\BOOKMARK [2][-]{subsection*.28}{\376\377\000I\000n\000s\000t\000r\000u\000c\000t\000o\000r\000,\000\040\000U\000n\000i\000v\000e\000r\000s\000i\000t\000y\000\040\000o\000f\000\040\000I\000o\000w\000a}{section*.27}% 28
\BOOKMARK [2][-]{subsection*.29}{\376\377\000G\000u\000e\000s\000t\000\040\000L\000e\000c\000t\000u\000r\000e\000,\000\040\000U\000n\000i\000v\000e\000r\000s\000i\000t\000y\000\040\000o\000f\000\040\000S\000o\000u\000t\000h\000\040\000C\000a\000r\000o\000l\000i\000n\000a}{section*.27}% 29
\BOOKMARK [2][-]{subsection*.30}{\376\377\000T\000e\000a\000c\000h\000i\000n\000g\000\040\000A\000s\000s\000i\000s\000t\000a\000n\000t\000,\000\040\000U\000n\000i\000v\000e\000r\000s\000i\000t\000y\000\040\000o\000f\000\040\000I\000o\000w\000a}{section*.27}% 30
\BOOKMARK [2][-]{subsection*.31}{\376\377\000T\000e\000a\000c\000h\000i\000n\000g\000\040\000A\000s\000s\000i\000s\000t\000a\000n\000t\000,\000\040\000U\000n\000i\000v\000e\000r\000s\000i\000t\000y\000\040\000o\000f\000\040\000S\000o\000u\000t\000h\000\040\000C\000a\000r\000o\000l\000i\000n\000a}{section*.27}% 31
\BOOKMARK [2][-]{subsection*.32}{\376\377\000T\000e\000a\000c\000h\000i\000n\000g\000\040\000A\000s\000s\000i\000s\000t\000a\000n\000t\000,\000\040\000U\000n\000i\000v\000e\000r\000s\000i\000t\000y\000\040\000o\000f\000\040\000R\000e\000g\000i\000n\000a}{section*.27}% 32
\BOOKMARK [1][-]{section*.33}{\376\377\000G\000r\000a\000n\000t\000s}{}% 33
\BOOKMARK [2][-]{subsection*.34}{\376\377\000R\000e\000s\000e\000a\000r\000c\000h\000\040\000A\000w\000a\000r\000d\000s}{section*.33}% 34
\BOOKMARK [2][-]{subsection*.35}{\376\377\000T\000r\000a\000v\000e\000\040\000G\000r\000a\000n\000t\000s}{section*.33}% 35
\BOOKMARK [2][-]{subsection*.36}{\376\377\000G\000r\000a\000d\000u\000a\000t\000e\000\040\000A\000s\000s\000i\000s\000t\000a\000n\000t\000s\000h\000i\000p}{section*.33}% 36
\BOOKMARK [1][-]{section*.37}{\376\377\000P\000r\000o\000f\000e\000s\000s\000i\000o\000n\000a\000l\000\040\000A\000f\000f\000i\000l\000i\000a\000t\000i\000o\000n}{}% 37
\BOOKMARK [1][-]{section*.38}{\376\377\000S\000k\000i\000l\000l\000s}{}% 38
